\BOOKMARK [1][]{section.1}{\376\377\000I\000n\000t\000r\000o\000d\000u\000\347\000\343\000o}{}% 1
\BOOKMARK [1][]{section.2}{\376\377\000E\000s\000t\000r\000u\000t\000u\000r\000a\000s\000\040\000d\000e\000\040\000M\000o\000d\000e\000l\000o\000\040\000p\000a\000r\000a\000\040\000o\000\040\000P\000a\000c\000o\000t\000e\000\040\000e\000m\000r}{}% 2
\BOOKMARK [2][]{subsection.2.1}{\376\377\000E\000x\000e\000m\000p\000l\000o\000:\000\040\000O\000f\000e\000r\000t\000a\000\040\000e\000\040\000D\000e\000m\000a\000n\000d\000a}{section.2}% 3
\BOOKMARK [1][]{section.3}{\376\377\000I\000m\000p\000l\000e\000m\000e\000n\000t\000a\000n\000d\000o\000\040\000o\000\040\000M\000I\000N\000I\000M\000A\000L\000\040\000n\000o\000\040\000R}{}% 4
\BOOKMARK [2][]{subsection.3.1}{\376\377\000D\000a\000d\000o\000s\000\040\000p\000a\000r\000a\000\040\000o\000\040\000M\000o\000d\000e\000l\000o}{section.3}% 5
\BOOKMARK [2][]{subsection.3.2}{\376\377\000I\000m\000p\000l\000e\000m\000e\000n\000t\000a\000\347\000\343\000o}{section.3}% 6
\BOOKMARK [3][]{subsubsection.3.2.1}{\376\377\000P\000a\000s\000s\000o\000s\000\040\000I\000n\000i\000c\000i\000a\000i\000s}{subsection.3.2}% 7
\BOOKMARK [3][]{subsubsection.3.2.2}{\376\377\000C\000o\000n\000j\000u\000n\000t\000o\000s\000\040\000\050\000S\000e\000t\000s\000\051}{subsection.3.2}% 8
\BOOKMARK [3][]{subsubsection.3.2.3}{\376\377\000P\000r\000e\000\347\000o\000s}{subsection.3.2}% 9
\BOOKMARK [3][]{subsubsection.3.2.4}{\376\377\000P\000r\000o\000d\000u\000\347\000\343\000o}{subsection.3.2}% 10
\BOOKMARK [3][]{subsubsection.3.2.5}{\376\377\000F\000a\000m\000\355\000l\000i\000a\000s}{subsection.3.2}% 11
\BOOKMARK [3][]{subsubsection.3.2.6}{\376\377\000I\000n\000v\000e\000s\000t\000i\000m\000e\000n\000t\000o\000\040\000e\000\040\000G\000o\000v\000e\000r\000n\000o}{subsection.3.2}% 12
\BOOKMARK [3][]{subsubsection.3.2.7}{\376\377\000D\000e\000m\000a\000n\000d\000a\000\040\000d\000e\000\040\000s\000e\000g\000u\000n\000d\000o\000\040\000n\000\355\000v\000e\000l\000\040\000e\000n\000t\000r\000e\000\040\000b\000e\000n\000s\000\040\000d\000o\000m\000\351\000s\000t\000i\000c\000o\000s\000\040\000e\000\040\000i\000m\000p\000o\000r\000t\000a\000d\000o\000s}{subsection.3.2}% 13
\BOOKMARK [3][]{subsubsection.3.2.8}{\376\377\000E\000x\000p\000o\000r\000t\000a\000\347\000\365\000e\000s}{subsection.3.2}% 14
\BOOKMARK [3][]{subsubsection.3.2.9}{\376\377\000D\000e\000m\000a\000n\000d\000a\000\040\000p\000o\000r\000\040\000F\000a\000t\000o\000r\000e\000s\000\040\000P\000r\000i\000m\000\341\000r\000i\000o\000s}{subsection.3.2}% 15
\BOOKMARK [3][]{subsubsection.3.2.10}{\376\377\000E\000q\000u\000i\000l\000\355\000b\000r\000i\000o\000s\000\040\000n\000o\000s\000\040\000M\000e\000r\000c\000a\000d\000o\000s\000\040\000d\000e\000\040\000B\000e\000n\000s}{subsection.3.2}% 16
\BOOKMARK [3][]{subsubsection.3.2.11}{\376\377\000E\000q\000u\000i\000l\000\355\000b\000r\000i\000o\000\040\000n\000o\000s\000\040\000M\000e\000r\000c\000a\000d\000o\000s\000\040\000d\000e\000\040\000F\000a\000t\000o\000r\000e\000s\000\040\000d\000e\000\040\000P\000r\000o\000d\000u\000\347\000\343\000o}{subsection.3.2}% 17
\BOOKMARK [3][]{subsubsection.3.2.12}{\376\377\000V\000a\000r\000i\000\341\000v\000e\000i\000s\000\040\000M\000a\000c\000r\000o\000e\000c\000o\000n\000\364\000m\000i\000c\000a\000s}{subsection.3.2}% 18
\BOOKMARK [2][]{subsection.3.3}{\376\377\000A\000t\000u\000a\000l\000i\000z\000a\000\347\000\343\000o\000\040\000d\000o\000s\000\040\000D\000a\000d\000o\000s}{section.3}% 19
\BOOKMARK [2][]{subsection.3.4}{\376\377\000E\000x\000e\000m\000p\000l\000o\000s\000\040\000d\000e\000\040\000S\000i\000m\000u\000l\000a\000\347\000\365\000e\000s}{section.3}% 20
\BOOKMARK [3][]{subsubsection.3.4.1}{\376\377\000E\000x\000p\000e\000r\000i\000m\000e\000n\000t\000o\000\040\0001\000:\000\040\000A\000u\000m\000e\000n\000t\000o\000\040\000d\000e\000\040\000d\000e\000m\000a\000n\000d\000a\000\040\000d\000a\000s\000\040\000f\000a\000m\000\355\000l\000i\000a\000s}{subsection.3.4}% 21
\BOOKMARK [3][]{subsubsection.3.4.2}{\376\377\000E\000x\000p\000e\000r\000i\000m\000e\000n\000t\000o\000\040\0002\000:\000\040\000A\000u\000m\000e\000n\000t\000o\000\040\000d\000o\000\040\000s\000a\000l\000\341\000r\000i\000o\000\040\000r\000e\000a\000l}{subsection.3.4}% 22
\BOOKMARK [1][]{section.4}{\376\377\000C\000o\000n\000s\000i\000d\000e\000r\000a\000\347\000\365\000e\000s\000\040\000F\000i\000n\000a\000i\000s}{}% 23
