This is pdfTeX, Version 3.14159265-2.6-1.40.20 (TeX Live 2019) (preloaded format=pdflatex 2019.12.8)  13 DEC 2019 23:09
entering extended mode
 restricted \write18 enabled.
 %&-line parsing enabled.
**minimal.tex
(./minimal.tex
LaTeX2e <2018-12-01>
(/home/paulo/.TinyTeX/texmf-dist/tex/latex/base/article.cls
Document Class: article 2018/09/03 v1.4i Standard LaTeX document class
(/home/paulo/.TinyTeX/texmf-dist/tex/latex/base/size12.clo
File: size12.clo 2018/09/03 v1.4i Standard LaTeX file (size option)
)
\c@part=\count80
\c@section=\count81
\c@subsection=\count82
\c@subsubsection=\count83
\c@paragraph=\count84
\c@subparagraph=\count85
\c@figure=\count86
\c@table=\count87
\abovecaptionskip=\skip41
\belowcaptionskip=\skip42
\bibindent=\dimen102
) (/home/paulo/.TinyTeX/texmf-dist/tex/latex/lm/lmodern.sty
Package: lmodern 2009/10/30 v1.6 Latin Modern Fonts
LaTeX Font Info:    Overwriting symbol font `operators' in version `normal'
(Font)                  OT1/cmr/m/n --> OT1/lmr/m/n on input line 22.
LaTeX Font Info:    Overwriting symbol font `letters' in version `normal'
(Font)                  OML/cmm/m/it --> OML/lmm/m/it on input line 23.
LaTeX Font Info:    Overwriting symbol font `symbols' in version `normal'
(Font)                  OMS/cmsy/m/n --> OMS/lmsy/m/n on input line 24.
LaTeX Font Info:    Overwriting symbol font `largesymbols' in version `normal'
(Font)                  OMX/cmex/m/n --> OMX/lmex/m/n on input line 25.
LaTeX Font Info:    Overwriting symbol font `operators' in version `bold'
(Font)                  OT1/cmr/bx/n --> OT1/lmr/bx/n on input line 26.
LaTeX Font Info:    Overwriting symbol font `letters' in version `bold'
(Font)                  OML/cmm/b/it --> OML/lmm/b/it on input line 27.
LaTeX Font Info:    Overwriting symbol font `symbols' in version `bold'
(Font)                  OMS/cmsy/b/n --> OMS/lmsy/b/n on input line 28.
LaTeX Font Info:    Overwriting symbol font `largesymbols' in version `bold'
(Font)                  OMX/cmex/m/n --> OMX/lmex/m/n on input line 29.
LaTeX Font Info:    Overwriting math alphabet `\mathbf' in version `normal'
(Font)                  OT1/cmr/bx/n --> OT1/lmr/bx/n on input line 31.
LaTeX Font Info:    Overwriting math alphabet `\mathsf' in version `normal'
(Font)                  OT1/cmss/m/n --> OT1/lmss/m/n on input line 32.
LaTeX Font Info:    Overwriting math alphabet `\mathit' in version `normal'
(Font)                  OT1/cmr/m/it --> OT1/lmr/m/it on input line 33.
LaTeX Font Info:    Overwriting math alphabet `\mathtt' in version `normal'
(Font)                  OT1/cmtt/m/n --> OT1/lmtt/m/n on input line 34.
LaTeX Font Info:    Overwriting math alphabet `\mathbf' in version `bold'
(Font)                  OT1/cmr/bx/n --> OT1/lmr/bx/n on input line 35.
LaTeX Font Info:    Overwriting math alphabet `\mathsf' in version `bold'
(Font)                  OT1/cmss/bx/n --> OT1/lmss/bx/n on input line 36.
LaTeX Font Info:    Overwriting math alphabet `\mathit' in version `bold'
(Font)                  OT1/cmr/bx/it --> OT1/lmr/bx/it on input line 37.
LaTeX Font Info:    Overwriting math alphabet `\mathtt' in version `bold'
(Font)                  OT1/cmtt/m/n --> OT1/lmtt/m/n on input line 38.
) (/home/paulo/.TinyTeX/texmf-dist/tex/latex/amsfonts/amssymb.sty
Package: amssymb 2013/01/14 v3.01 AMS font symbols
(/home/paulo/.TinyTeX/texmf-dist/tex/latex/amsfonts/amsfonts.sty
Package: amsfonts 2013/01/14 v3.01 Basic AMSFonts support
\@emptytoks=\toks14
\symAMSa=\mathgroup4
\symAMSb=\mathgroup5
LaTeX Font Info:    Overwriting math alphabet `\mathfrak' in version `bold'
(Font)                  U/euf/m/n --> U/euf/b/n on input line 106.
)) (/home/paulo/.TinyTeX/texmf-dist/tex/latex/amsmath/amsmath.sty
Package: amsmath 2018/12/01 v2.17b AMS math features
\@mathmargin=\skip43
For additional information on amsmath, use the `?' option.
(/home/paulo/.TinyTeX/texmf-dist/tex/latex/amsmath/amstext.sty
Package: amstext 2000/06/29 v2.01 AMS text
(/home/paulo/.TinyTeX/texmf-dist/tex/latex/amsmath/amsgen.sty
File: amsgen.sty 1999/11/30 v2.0 generic functions
\@emptytoks=\toks15
\ex@=\dimen103
)) (/home/paulo/.TinyTeX/texmf-dist/tex/latex/amsmath/amsbsy.sty
Package: amsbsy 1999/11/29 v1.2d Bold Symbols
\pmbraise@=\dimen104
) (/home/paulo/.TinyTeX/texmf-dist/tex/latex/amsmath/amsopn.sty
Package: amsopn 2016/03/08 v2.02 operator names
)
\inf@bad=\count88
LaTeX Info: Redefining \frac on input line 223.
\uproot@=\count89
\leftroot@=\count90
LaTeX Info: Redefining \overline on input line 385.
\classnum@=\count91
\DOTSCASE@=\count92
LaTeX Info: Redefining \ldots on input line 482.
LaTeX Info: Redefining \dots on input line 485.
LaTeX Info: Redefining \cdots on input line 606.
\Mathstrutbox@=\box27
\strutbox@=\box28
\big@size=\dimen105
LaTeX Font Info:    Redeclaring font encoding OML on input line 729.
LaTeX Font Info:    Redeclaring font encoding OMS on input line 730.
\macc@depth=\count93
\c@MaxMatrixCols=\count94
\dotsspace@=\muskip10
\c@parentequation=\count95
\dspbrk@lvl=\count96
\tag@help=\toks16
\row@=\count97
\column@=\count98
\maxfields@=\count99
\andhelp@=\toks17
\eqnshift@=\dimen106
\alignsep@=\dimen107
\tagshift@=\dimen108
\tagwidth@=\dimen109
\totwidth@=\dimen110
\lineht@=\dimen111
\@envbody=\toks18
\multlinegap=\skip44
\multlinetaggap=\skip45
\mathdisplay@stack=\toks19
LaTeX Info: Redefining \[ on input line 2844.
LaTeX Info: Redefining \] on input line 2845.
) (/home/paulo/.TinyTeX/texmf-dist/tex/generic/ifxetex/ifxetex.sty
Package: ifxetex 2010/09/12 v0.6 Provides ifxetex conditional
) (/home/paulo/.TinyTeX/texmf-dist/tex/generic/oberdiek/ifluatex.sty
Package: ifluatex 2016/05/16 v1.4 Provides the ifluatex switch (HO)
Package ifluatex Info: LuaTeX not detected.
) (/home/paulo/.TinyTeX/texmf-dist/tex/latex/base/fixltx2e.sty
Package: fixltx2e 2016/12/29 v2.1a fixes to LaTeX (obsolete)
Applying: [2015/01/01] Old fixltx2e package on input line 46.

Package fixltx2e Warning: fixltx2e is not required with releases after 2015
(fixltx2e)                All fixes are now in the LaTeX kernel.
(fixltx2e)                See the latexrelease package for details.

Already applied: [0000/00/00] Old fixltx2e package on input line 53.
) (/home/paulo/.TinyTeX/texmf-dist/tex/latex/base/fontenc.sty
Package: fontenc 2018/08/11 v2.0j Standard LaTeX package
(/home/paulo/.TinyTeX/texmf-dist/tex/latex/base/t1enc.def
File: t1enc.def 2018/08/11 v2.0j Standard LaTeX file
LaTeX Font Info:    Redeclaring font encoding T1 on input line 48.
)) (/home/paulo/.TinyTeX/texmf-dist/tex/latex/base/inputenc.sty
Package: inputenc 2018/08/11 v1.3c Input encoding file
\inpenc@prehook=\toks20
\inpenc@posthook=\toks21
) (/home/paulo/.TinyTeX/texmf-dist/tex/latex/base/textcomp.sty
Package: textcomp 2018/08/11 v2.0j Standard LaTeX package
Package textcomp Info: Sub-encoding information:
(textcomp)               5 = only ISO-Adobe without \textcurrency
(textcomp)               4 = 5 + \texteuro
(textcomp)               3 = 4 + \textohm
(textcomp)               2 = 3 + \textestimated + \textcurrency
(textcomp)               1 = TS1 - \textcircled - \t
(textcomp)               0 = TS1 (full)
(textcomp)             Font families with sub-encoding setting implement
(textcomp)             only a restricted character set as indicated.
(textcomp)             Family '?' is the default used for unknown fonts.
(textcomp)             See the documentation for details.
Package textcomp Info: Setting ? sub-encoding to TS1/1 on input line 79.
(/home/paulo/.TinyTeX/texmf-dist/tex/latex/base/ts1enc.def
File: ts1enc.def 2001/06/05 v3.0e (jk/car/fm) Standard LaTeX file
Now handling font encoding TS1 ...
... processing UTF-8 mapping file for font encoding TS1
(/home/paulo/.TinyTeX/texmf-dist/tex/latex/base/ts1enc.dfu
File: ts1enc.dfu 2018/10/05 v1.2f UTF-8 support for inputenc
   defining Unicode char U+00A2 (decimal 162)
   defining Unicode char U+00A3 (decimal 163)
   defining Unicode char U+00A4 (decimal 164)
   defining Unicode char U+00A5 (decimal 165)
   defining Unicode char U+00A6 (decimal 166)
   defining Unicode char U+00A7 (decimal 167)
   defining Unicode char U+00A8 (decimal 168)
   defining Unicode char U+00A9 (decimal 169)
   defining Unicode char U+00AA (decimal 170)
   defining Unicode char U+00AC (decimal 172)
   defining Unicode char U+00AE (decimal 174)
   defining Unicode char U+00AF (decimal 175)
   defining Unicode char U+00B0 (decimal 176)
   defining Unicode char U+00B1 (decimal 177)
   defining Unicode char U+00B2 (decimal 178)
   defining Unicode char U+00B3 (decimal 179)
   defining Unicode char U+00B4 (decimal 180)
   defining Unicode char U+00B5 (decimal 181)
   defining Unicode char U+00B6 (decimal 182)
   defining Unicode char U+00B7 (decimal 183)
   defining Unicode char U+00B9 (decimal 185)
   defining Unicode char U+00BA (decimal 186)
   defining Unicode char U+00BC (decimal 188)
   defining Unicode char U+00BD (decimal 189)
   defining Unicode char U+00BE (decimal 190)
   defining Unicode char U+00D7 (decimal 215)
   defining Unicode char U+00F7 (decimal 247)
   defining Unicode char U+0192 (decimal 402)
   defining Unicode char U+02C7 (decimal 711)
   defining Unicode char U+02D8 (decimal 728)
   defining Unicode char U+02DD (decimal 733)
   defining Unicode char U+0E3F (decimal 3647)
   defining Unicode char U+2016 (decimal 8214)
   defining Unicode char U+2020 (decimal 8224)
   defining Unicode char U+2021 (decimal 8225)
   defining Unicode char U+2022 (decimal 8226)
   defining Unicode char U+2030 (decimal 8240)
   defining Unicode char U+2031 (decimal 8241)
   defining Unicode char U+203B (decimal 8251)
   defining Unicode char U+203D (decimal 8253)
   defining Unicode char U+2044 (decimal 8260)
   defining Unicode char U+204E (decimal 8270)
   defining Unicode char U+2052 (decimal 8274)
   defining Unicode char U+20A1 (decimal 8353)
   defining Unicode char U+20A4 (decimal 8356)
   defining Unicode char U+20A6 (decimal 8358)
   defining Unicode char U+20A9 (decimal 8361)
   defining Unicode char U+20AB (decimal 8363)
   defining Unicode char U+20AC (decimal 8364)
   defining Unicode char U+20B1 (decimal 8369)
   defining Unicode char U+2103 (decimal 8451)
   defining Unicode char U+2116 (decimal 8470)
   defining Unicode char U+2117 (decimal 8471)
   defining Unicode char U+211E (decimal 8478)
   defining Unicode char U+2120 (decimal 8480)
   defining Unicode char U+2122 (decimal 8482)
   defining Unicode char U+2126 (decimal 8486)
   defining Unicode char U+2127 (decimal 8487)
   defining Unicode char U+212E (decimal 8494)
   defining Unicode char U+2190 (decimal 8592)
   defining Unicode char U+2191 (decimal 8593)
   defining Unicode char U+2192 (decimal 8594)
   defining Unicode char U+2193 (decimal 8595)
   defining Unicode char U+2329 (decimal 9001)
   defining Unicode char U+232A (decimal 9002)
   defining Unicode char U+2422 (decimal 9250)
   defining Unicode char U+25E6 (decimal 9702)
   defining Unicode char U+25EF (decimal 9711)
   defining Unicode char U+266A (decimal 9834)
   defining Unicode char U+FEFF (decimal 65279)
))
LaTeX Info: Redefining \oldstylenums on input line 334.
Package textcomp Info: Setting cmr sub-encoding to TS1/0 on input line 349.
Package textcomp Info: Setting cmss sub-encoding to TS1/0 on input line 350.
Package textcomp Info: Setting cmtt sub-encoding to TS1/0 on input line 351.
Package textcomp Info: Setting cmvtt sub-encoding to TS1/0 on input line 352.
Package textcomp Info: Setting cmbr sub-encoding to TS1/0 on input line 353.
Package textcomp Info: Setting cmtl sub-encoding to TS1/0 on input line 354.
Package textcomp Info: Setting ccr sub-encoding to TS1/0 on input line 355.
Package textcomp Info: Setting ptm sub-encoding to TS1/4 on input line 356.
Package textcomp Info: Setting pcr sub-encoding to TS1/4 on input line 357.
Package textcomp Info: Setting phv sub-encoding to TS1/4 on input line 358.
Package textcomp Info: Setting ppl sub-encoding to TS1/3 on input line 359.
Package textcomp Info: Setting pag sub-encoding to TS1/4 on input line 360.
Package textcomp Info: Setting pbk sub-encoding to TS1/4 on input line 361.
Package textcomp Info: Setting pnc sub-encoding to TS1/4 on input line 362.
Package textcomp Info: Setting pzc sub-encoding to TS1/4 on input line 363.
Package textcomp Info: Setting bch sub-encoding to TS1/4 on input line 364.
Package textcomp Info: Setting put sub-encoding to TS1/5 on input line 365.
Package textcomp Info: Setting uag sub-encoding to TS1/5 on input line 366.
Package textcomp Info: Setting ugq sub-encoding to TS1/5 on input line 367.
Package textcomp Info: Setting ul8 sub-encoding to TS1/4 on input line 368.
Package textcomp Info: Setting ul9 sub-encoding to TS1/4 on input line 369.
Package textcomp Info: Setting augie sub-encoding to TS1/5 on input line 370.
Package textcomp Info: Setting dayrom sub-encoding to TS1/3 on input line 371.
Package textcomp Info: Setting dayroms sub-encoding to TS1/3 on input line 372.

Package textcomp Info: Setting pxr sub-encoding to TS1/0 on input line 373.
Package textcomp Info: Setting pxss sub-encoding to TS1/0 on input line 374.
Package textcomp Info: Setting pxtt sub-encoding to TS1/0 on input line 375.
Package textcomp Info: Setting txr sub-encoding to TS1/0 on input line 376.
Package textcomp Info: Setting txss sub-encoding to TS1/0 on input line 377.
Package textcomp Info: Setting txtt sub-encoding to TS1/0 on input line 378.
Package textcomp Info: Setting lmr sub-encoding to TS1/0 on input line 379.
Package textcomp Info: Setting lmdh sub-encoding to TS1/0 on input line 380.
Package textcomp Info: Setting lmss sub-encoding to TS1/0 on input line 381.
Package textcomp Info: Setting lmssq sub-encoding to TS1/0 on input line 382.
Package textcomp Info: Setting lmvtt sub-encoding to TS1/0 on input line 383.
Package textcomp Info: Setting lmtt sub-encoding to TS1/0 on input line 384.
Package textcomp Info: Setting qhv sub-encoding to TS1/0 on input line 385.
Package textcomp Info: Setting qag sub-encoding to TS1/0 on input line 386.
Package textcomp Info: Setting qbk sub-encoding to TS1/0 on input line 387.
Package textcomp Info: Setting qcr sub-encoding to TS1/0 on input line 388.
Package textcomp Info: Setting qcs sub-encoding to TS1/0 on input line 389.
Package textcomp Info: Setting qpl sub-encoding to TS1/0 on input line 390.
Package textcomp Info: Setting qtm sub-encoding to TS1/0 on input line 391.
Package textcomp Info: Setting qzc sub-encoding to TS1/0 on input line 392.
Package textcomp Info: Setting qhvc sub-encoding to TS1/0 on input line 393.
Package textcomp Info: Setting futs sub-encoding to TS1/4 on input line 394.
Package textcomp Info: Setting futx sub-encoding to TS1/4 on input line 395.
Package textcomp Info: Setting futj sub-encoding to TS1/4 on input line 396.
Package textcomp Info: Setting hlh sub-encoding to TS1/3 on input line 397.
Package textcomp Info: Setting hls sub-encoding to TS1/3 on input line 398.
Package textcomp Info: Setting hlst sub-encoding to TS1/3 on input line 399.
Package textcomp Info: Setting hlct sub-encoding to TS1/5 on input line 400.
Package textcomp Info: Setting hlx sub-encoding to TS1/5 on input line 401.
Package textcomp Info: Setting hlce sub-encoding to TS1/5 on input line 402.
Package textcomp Info: Setting hlcn sub-encoding to TS1/5 on input line 403.
Package textcomp Info: Setting hlcw sub-encoding to TS1/5 on input line 404.
Package textcomp Info: Setting hlcf sub-encoding to TS1/5 on input line 405.
Package textcomp Info: Setting pplx sub-encoding to TS1/3 on input line 406.
Package textcomp Info: Setting pplj sub-encoding to TS1/3 on input line 407.
Package textcomp Info: Setting ptmx sub-encoding to TS1/4 on input line 408.
Package textcomp Info: Setting ptmj sub-encoding to TS1/4 on input line 409.
) (/home/paulo/.TinyTeX/texmf-dist/tex/latex/upquote/upquote.sty
Package: upquote 2012/04/19 v1.3 upright-quote and grave-accent glyphs in verba
tim
) (/home/paulo/.TinyTeX/texmf-dist/tex/latex/hyperref/hyperref.sty
Package: hyperref 2019/09/12 v6.88i Hypertext links for LaTeX
(/home/paulo/.TinyTeX/texmf-dist/tex/generic/oberdiek/hobsub-hyperref.sty
Package: hobsub-hyperref 2016/05/16 v1.14 Bundle oberdiek, subset hyperref (HO)

(/home/paulo/.TinyTeX/texmf-dist/tex/generic/oberdiek/hobsub-generic.sty
Package: hobsub-generic 2016/05/16 v1.14 Bundle oberdiek, subset generic (HO)
Package: hobsub 2016/05/16 v1.14 Construct package bundles (HO)
Package: infwarerr 2016/05/16 v1.4 Providing info/warning/error messages (HO)
Package: ltxcmds 2016/05/16 v1.23 LaTeX kernel commands for general use (HO)
Package hobsub Info: Skipping package `ifluatex' (already loaded).
Package: ifvtex 2016/05/16 v1.6 Detect VTeX and its facilities (HO)
Package ifvtex Info: VTeX not detected.
Package: intcalc 2016/05/16 v1.2 Expandable calculations with integers (HO)
Package: ifpdf 2018/09/07 v3.3 Provides the ifpdf switch
Package: etexcmds 2016/05/16 v1.6 Avoid name clashes with e-TeX commands (HO)
Package: kvsetkeys 2016/05/16 v1.17 Key value parser (HO)
Package: kvdefinekeys 2016/05/16 v1.4 Define keys (HO)
Package: pdftexcmds 2019/07/25 v0.30 Utility functions of pdfTeX for LuaTeX (HO
)
Package pdftexcmds Info: LuaTeX not detected.
Package pdftexcmds Info: \pdf@primitive is available.
Package pdftexcmds Info: \pdf@ifprimitive is available.
Package pdftexcmds Info: \pdfdraftmode found.
Package: pdfescape 2016/05/16 v1.14 Implements pdfTeX's escape features (HO)
Package: bigintcalc 2016/05/16 v1.4 Expandable calculations on big integers (HO
)
Package: bitset 2016/05/16 v1.2 Handle bit-vector datatype (HO)
Package: uniquecounter 2016/05/16 v1.3 Provide unlimited unique counter (HO)
)
Package hobsub Info: Skipping package `hobsub' (already loaded).
Package: letltxmacro 2016/05/16 v1.5 Let assignment for LaTeX macros (HO)
Package: hopatch 2016/05/16 v1.3 Wrapper for package hooks (HO)
Package: xcolor-patch 2016/05/16 xcolor patch
Package: atveryend 2016/05/16 v1.9 Hooks at the very end of document (HO)
Package atveryend Info: \enddocument detected (standard20110627).
Package: atbegshi 2016/06/09 v1.18 At begin shipout hook (HO)
Package: refcount 2016/05/16 v3.5 Data extraction from label references (HO)
Package: hycolor 2016/05/16 v1.8 Color options for hyperref/bookmark (HO)
) (/home/paulo/.TinyTeX/texmf-dist/tex/latex/graphics/keyval.sty
Package: keyval 2014/10/28 v1.15 key=value parser (DPC)
\KV@toks@=\toks22
) (/home/paulo/.TinyTeX/texmf-dist/tex/latex/oberdiek/auxhook.sty
Package: auxhook 2016/05/16 v1.4 Hooks for auxiliary files (HO)
) (/home/paulo/.TinyTeX/texmf-dist/tex/latex/oberdiek/kvoptions.sty
Package: kvoptions 2016/05/16 v3.12 Key value format for package options (HO)
)
\@linkdim=\dimen112
\Hy@linkcounter=\count100
\Hy@pagecounter=\count101
(/home/paulo/.TinyTeX/texmf-dist/tex/latex/hyperref/pd1enc.def
File: pd1enc.def 2019/09/12 v6.88i Hyperref: PDFDocEncoding definition (HO)
Now handling font encoding PD1 ...
... no UTF-8 mapping file for font encoding PD1
)
\Hy@SavedSpaceFactor=\count102
(/home/paulo/.TinyTeX/texmf-dist/tex/latex/latexconfig/hyperref.cfg
File: hyperref.cfg 2002/06/06 v1.2 hyperref configuration of TeXLive
)
Package hyperref Info: Option `unicode' set `true' on input line 4424.
(/home/paulo/.TinyTeX/texmf-dist/tex/latex/hyperref/puenc.def
File: puenc.def 2019/09/12 v6.88i Hyperref: PDF Unicode definition (HO)
Now handling font encoding PU ...
... no UTF-8 mapping file for font encoding PU
)
Package hyperref Info: Hyper figures OFF on input line 4550.
Package hyperref Info: Link nesting OFF on input line 4555.
Package hyperref Info: Hyper index ON on input line 4558.
Package hyperref Info: Plain pages OFF on input line 4565.
Package hyperref Info: Backreferencing OFF on input line 4570.
Package hyperref Info: Implicit mode ON; LaTeX internals redefined.
Package hyperref Info: Bookmarks ON on input line 4803.
\c@Hy@tempcnt=\count103
(/home/paulo/.TinyTeX/texmf-dist/tex/latex/url/url.sty
\Urlmuskip=\muskip11
Package: url 2013/09/16  ver 3.4  Verb mode for urls, etc.
)
LaTeX Info: Redefining \url on input line 5156.
\XeTeXLinkMargin=\dimen113
\Fld@menulength=\count104
\Field@Width=\dimen114
\Fld@charsize=\dimen115
Package hyperref Info: Hyper figures OFF on input line 6411.
Package hyperref Info: Link nesting OFF on input line 6416.
Package hyperref Info: Hyper index ON on input line 6419.
Package hyperref Info: backreferencing OFF on input line 6426.
Package hyperref Info: Link coloring OFF on input line 6431.
Package hyperref Info: Link coloring with OCG OFF on input line 6436.
Package hyperref Info: PDF/A mode OFF on input line 6441.
LaTeX Info: Redefining \ref on input line 6481.
LaTeX Info: Redefining \pageref on input line 6485.
\Hy@abspage=\count105
\c@Item=\count106
\c@Hfootnote=\count107
)
Package hyperref Info: Driver (autodetected): hpdftex.
(/home/paulo/.TinyTeX/texmf-dist/tex/latex/hyperref/hpdftex.def
File: hpdftex.def 2019/09/12 v6.88i Hyperref driver for pdfTeX
\Fld@listcount=\count108
\c@bookmark@seq@number=\count109
(/home/paulo/.TinyTeX/texmf-dist/tex/latex/oberdiek/rerunfilecheck.sty
Package: rerunfilecheck 2016/05/16 v1.8 Rerun checks for auxiliary files (HO)
Package uniquecounter Info: New unique counter `rerunfilecheck' on input line 2
82.
)
\Hy@SectionHShift=\skip46
)
Package hyperref Info: Option `breaklinks' set `true' on input line 33.
(/home/paulo/.TinyTeX/texmf-dist/tex/latex/geometry/geometry.sty
Package: geometry 2018/04/16 v5.8 Page Geometry
\Gm@cnth=\count110
\Gm@cntv=\count111
\c@Gm@tempcnt=\count112
\Gm@bindingoffset=\dimen116
\Gm@wd@mp=\dimen117
\Gm@odd@mp=\dimen118
\Gm@even@mp=\dimen119
\Gm@layoutwidth=\dimen120
\Gm@layoutheight=\dimen121
\Gm@layouthoffset=\dimen122
\Gm@layoutvoffset=\dimen123
\Gm@dimlist=\toks23
) (/home/paulo/.TinyTeX/texmf-dist/tex/latex/graphics/color.sty
Package: color 2016/07/10 v1.1e Standard LaTeX Color (DPC)
(/home/paulo/.TinyTeX/texmf-dist/tex/latex/graphics-cfg/color.cfg
File: color.cfg 2016/01/02 v1.6 sample color configuration
)
Package color Info: Driver file: pdftex.def on input line 147.
(/home/paulo/.TinyTeX/texmf-dist/tex/latex/graphics-def/pdftex.def
File: pdftex.def 2018/01/08 v1.0l Graphics/color driver for pdftex
)) (/home/paulo/.TinyTeX/texmf-dist/tex/latex/fancyvrb/fancyvrb.sty
Package: fancyvrb 2019/01/15
Style option: `fancyvrb' v3.2a <2019/01/15> (tvz)
\FV@CodeLineNo=\count113
\FV@InFile=\read1
\FV@TabBox=\box29
\c@FancyVerbLine=\count114
\FV@StepNumber=\count115
\FV@OutFile=\write3
) (/home/paulo/.TinyTeX/texmf-dist/tex/latex/framed/framed.sty
Package: framed 2011/10/22 v 0.96: framed or shaded text with page breaks
\OuterFrameSep=\skip47
\fb@frw=\dimen124
\fb@frh=\dimen125
\FrameRule=\dimen126
\FrameSep=\dimen127
) (/home/paulo/.TinyTeX/texmf-dist/tex/latex/graphics/graphicx.sty
Package: graphicx 2017/06/01 v1.1a Enhanced LaTeX Graphics (DPC,SPQR)
(/home/paulo/.TinyTeX/texmf-dist/tex/latex/graphics/graphics.sty
Package: graphics 2017/06/25 v1.2c Standard LaTeX Graphics (DPC,SPQR)
(/home/paulo/.TinyTeX/texmf-dist/tex/latex/graphics/trig.sty
Package: trig 2016/01/03 v1.10 sin cos tan (DPC)
) (/home/paulo/.TinyTeX/texmf-dist/tex/latex/graphics-cfg/graphics.cfg
File: graphics.cfg 2016/06/04 v1.11 sample graphics configuration
)
Package graphics Info: Driver file: pdftex.def on input line 99.
)
\Gin@req@height=\dimen128
\Gin@req@width=\dimen129
) (/home/paulo/.TinyTeX/texmf-dist/tex/latex/oberdiek/grffile.sty
Package: grffile 2017/06/30 v1.18 Extended file name support for graphics (HO)
Package grffile Info: Option `multidot' is set to `true'.
Package grffile Info: Option `extendedchars' is set to `false'.
Package grffile Info: Option `space' is set to `true'.
Package grffile Info: \Gin@ii of package `graphicx' fixed on input line 494.
) (/home/paulo/.TinyTeX/texmf-dist/tex/latex/etoolbox/etoolbox.sty
Package: etoolbox 2019/09/09 v2.5g e-TeX tools for LaTeX (JAW)
\etb@tempcnta=\count116
) (/home/paulo/.TinyTeX/texmf-dist/tex/generic/babel/babel.sty
Package: babel 2019/07/19 3.33 The Babel package
(/home/paulo/.TinyTeX/texmf-dist/tex/generic/babel/switch.def
File: switch.def 2019/07/19 3.33 Babel switching mechanism
) (/home/paulo/.TinyTeX/texmf-dist/tex/generic/babel-portuges/portuges.ldf
Language: portuges 2008/03/18 v1.2q Portuguese support from the babel system
(/home/paulo/.TinyTeX/texmf-dist/tex/generic/babel/babel.def
File: babel.def 2019/07/19 3.33 Babel common definitions
\babel@savecnt=\count117
\U@D=\dimen130
(/home/paulo/.TinyTeX/texmf-dist/tex/generic/babel/txtbabel.def)
\bbl@dirlevel=\count118
)
Package babel Info: Making " an active character on input line 145.
)) (/home/paulo/.TinyTeX/texmf-dist/tex/latex/floatrow/floatrow.sty
Package: floatrow 2008/08/02 v0.3b floatrow: float package extension
(/home/paulo/.TinyTeX/texmf-dist/tex/latex/caption/caption3.sty
Package: caption3 2019/09/01 v1.8d caption3 kernel (AR)
Package caption3 Info: TeX engine: e-TeX on input line 64.
\captionmargin=\dimen131
\captionmargin@=\dimen132
\captionwidth=\dimen133
\caption@tempdima=\dimen134
\caption@indent=\dimen135
\caption@parindent=\dimen136
\caption@hangindent=\dimen137
)
\c@float@type=\count119
\float@exts=\toks24
\float@box=\box30
\@floatcapt=\box31
Package floatrow Info: Modified float package code loaded on input line 455.
Package floatrow Info: Modified rotfloat package code loaded on input line 473.

\FR@everyfloat=\toks25
\flrow@foot=\insert199
\FB@wd=\dimen138
\FBo@wd=\dimen139
\FBc@wd=\dimen140
\FBo@ht=\skip48
\FBc@ht=\skip49
\FBf@ht=\skip50
\FBo@max=\skip51
\FBc@max=\skip52
\FBf@max=\skip53
\c@FBl@b=\count120
\floatbox@depth=\count121
\c@FRobj=\count122
\c@FRsobj=\count123
\Xhsize=\skip54
\sXhsize=\skip55
\Zhsize=\skip56
\sZhsize=\skip57
\flrow@rowbox=\box32
\FR@Zunitlength=\dimen141
\c@FBcnt=\count124
\FPOScnt=\count125
\LTleft=\skip58
\LTright=\skip59
\LTleft=\skip60
\LTright=\skip61
\flrow@types=\toks26
) (/home/paulo/.TinyTeX/texmf-dist/tex/latex/caption/caption.sty
Package: caption 2019/09/01 v3.3d Customizing captions (AR)
\c@caption@flags=\count126
\c@ContinuedFloat=\count127
Package caption Info: float package is loaded.
Package caption Info: floatrow package is loaded.
Package caption Info: hyperref package is loaded.
)
Package hyperref Info: Option `colorlinks' set `true' on input line 115.
Package hyperref Info: Option `bookmarksopen' set `true' on input line 115.
(/home/paulo/.TinyTeX/texmf-dist/tex/latex/oberdiek/pdflscape.sty
Package: pdflscape 2016/05/14 v0.11 Display of landscape pages in PDF (HO)
(/home/paulo/.TinyTeX/texmf-dist/tex/latex/graphics/lscape.sty
Package: lscape 2000/10/22 v3.01 Landscape Pages (DPC)
)
Package pdflscape Info: Auto-detected driver: pdftex on input line 81.
) (/home/paulo/.TinyTeX/texmf-dist/tex/latex/titlesec/titlesec.sty
Package: titlesec 2019/09/09 v2.12 Sectioning titles
\ttl@box=\box33
\beforetitleunit=\skip62
\aftertitleunit=\skip63
\ttl@plus=\dimen142
\ttl@minus=\dimen143
\ttl@toksa=\toks27
\titlewidth=\dimen144
\titlewidthlast=\dimen145
\titlewidthfirst=\dimen146
) (/home/paulo/.TinyTeX/texmf-dist/tex/latex/xcolor/xcolor.sty
Package: xcolor 2016/05/11 v2.12 LaTeX color extensions (UK)
(/home/paulo/.TinyTeX/texmf-dist/tex/latex/graphics-cfg/color.cfg
File: color.cfg 2016/01/02 v1.6 sample color configuration
)
Package xcolor Info: Driver file: pdftex.def on input line 225.
LaTeX Info: Redefining \color on input line 709.
Package xcolor Info: Model `cmy' substituted by `cmy0' on input line 1348.
Package xcolor Info: Model `hsb' substituted by `rgb' on input line 1352.
Package xcolor Info: Model `RGB' extended on input line 1364.
Package xcolor Info: Model `HTML' substituted by `rgb' on input line 1366.
Package xcolor Info: Model `Hsb' substituted by `hsb' on input line 1367.
Package xcolor Info: Model `tHsb' substituted by `hsb' on input line 1368.
Package xcolor Info: Model `HSB' substituted by `hsb' on input line 1369.
Package xcolor Info: Model `Gray' substituted by `gray' on input line 1370.
Package xcolor Info: Model `wave' substituted by `hsb' on input line 1371.
(/home/paulo/.TinyTeX/texmf-dist/tex/latex/graphics/dvipsnam.def
File: dvipsnam.def 2016/06/17 v3.0m Driver-dependent file (DPC,SPQR)
)) (/home/paulo/.TinyTeX/texmf-dist/tex/latex/preprint/authblk.sty
Package: authblk 2001/02/27 1.3 (PWD)
\affilsep=\skip64
\@affilsep=\skip65
\c@Maxaffil=\count128
\c@authors=\count129
\c@affil=\count130
) (/home/paulo/.TinyTeX/texmf-dist/tex/latex/fancyhdr/fancyhdr.sty
Package: fancyhdr 2019/01/31 v3.10 Extensive control of page headers and footer
s
\f@nch@headwidth=\skip66
\f@nch@O@elh=\skip67
\f@nch@O@erh=\skip68
\f@nch@O@olh=\skip69
\f@nch@O@orh=\skip70
\f@nch@O@elf=\skip71
\f@nch@O@erf=\skip72
\f@nch@O@olf=\skip73
\f@nch@O@orf=\skip74
) (/home/paulo/.TinyTeX/texmf-dist/tex/latex/base/fontenc.sty
Package: fontenc 2018/08/11 v2.0j Standard LaTeX package
(/home/paulo/.TinyTeX/texmf-dist/tex/latex/base/t1enc.def
File: t1enc.def 2018/08/11 v2.0j Standard LaTeX file
LaTeX Font Info:    Redeclaring font encoding T1 on input line 48.
)) (/home/paulo/.TinyTeX/texmf-dist/tex/latex/fbb/fbb.sty
Package: fbb 2017/06/24 v1.13

`fbb' v1.13, 2017/06/24 Text macros for fbb, a Bembo-like font family (msharpe)
(/home/paulo/.TinyTeX/texmf-dist/tex/latex/base/fontenc.sty
Package: fontenc 2018/08/11 v2.0j Standard LaTeX package
(/home/paulo/.TinyTeX/texmf-dist/tex/latex/ly1/ly1enc.def
File: ly1enc.def 2009/07/22 v0.7 TeX 'n ANSI encoding (DPC/KB)
Now handling font encoding LY1 ...
... processing UTF-8 mapping file for font encoding LY1
(/home/paulo/.TinyTeX/texmf-dist/tex/latex/base/ly1enc.dfu
File: ly1enc.dfu 2018/10/05 v1.2f UTF-8 support for inputenc
   defining Unicode char U+00A0 (decimal 160)
   defining Unicode char U+00A1 (decimal 161)
   defining Unicode char U+00A2 (decimal 162)
   defining Unicode char U+00A3 (decimal 163)
   defining Unicode char U+00A4 (decimal 164)
   defining Unicode char U+00A5 (decimal 165)
   defining Unicode char U+00A6 (decimal 166)
   defining Unicode char U+00A7 (decimal 167)
   defining Unicode char U+00AA (decimal 170)
   defining Unicode char U+00AB (decimal 171)
   defining Unicode char U+00AD (decimal 173)
   defining Unicode char U+00AE (decimal 174)
   defining Unicode char U+00B0 (decimal 176)
   defining Unicode char U+00B5 (decimal 181)
   defining Unicode char U+00B6 (decimal 182)
   defining Unicode char U+00B7 (decimal 183)
   defining Unicode char U+00BA (decimal 186)
   defining Unicode char U+00BB (decimal 187)
   defining Unicode char U+00BC (decimal 188)
   defining Unicode char U+00BD (decimal 189)
   defining Unicode char U+00BE (decimal 190)
   defining Unicode char U+00BF (decimal 191)
   defining Unicode char U+00C0 (decimal 192)
   defining Unicode char U+00C1 (decimal 193)
   defining Unicode char U+00C2 (decimal 194)
   defining Unicode char U+00C3 (decimal 195)
   defining Unicode char U+00C4 (decimal 196)
   defining Unicode char U+00C5 (decimal 197)
   defining Unicode char U+00C6 (decimal 198)
   defining Unicode char U+00C7 (decimal 199)
   defining Unicode char U+00C8 (decimal 200)
   defining Unicode char U+00C9 (decimal 201)
   defining Unicode char U+00CA (decimal 202)
   defining Unicode char U+00CB (decimal 203)
   defining Unicode char U+00CC (decimal 204)
   defining Unicode char U+00CD (decimal 205)
   defining Unicode char U+00CE (decimal 206)
   defining Unicode char U+00CF (decimal 207)
   defining Unicode char U+00D0 (decimal 208)
   defining Unicode char U+00D1 (decimal 209)
   defining Unicode char U+00D2 (decimal 210)
   defining Unicode char U+00D3 (decimal 211)
   defining Unicode char U+00D4 (decimal 212)
   defining Unicode char U+00D5 (decimal 213)
   defining Unicode char U+00D6 (decimal 214)
   defining Unicode char U+00D8 (decimal 216)
   defining Unicode char U+00D9 (decimal 217)
   defining Unicode char U+00DA (decimal 218)
   defining Unicode char U+00DB (decimal 219)
   defining Unicode char U+00DC (decimal 220)
   defining Unicode char U+00DD (decimal 221)
   defining Unicode char U+00DE (decimal 222)
   defining Unicode char U+00DF (decimal 223)
   defining Unicode char U+00E0 (decimal 224)
   defining Unicode char U+00E1 (decimal 225)
   defining Unicode char U+00E2 (decimal 226)
   defining Unicode char U+00E3 (decimal 227)
   defining Unicode char U+00E4 (decimal 228)
   defining Unicode char U+00E5 (decimal 229)
   defining Unicode char U+00E6 (decimal 230)
   defining Unicode char U+00E7 (decimal 231)
   defining Unicode char U+00E8 (decimal 232)
   defining Unicode char U+00E9 (decimal 233)
   defining Unicode char U+00EA (decimal 234)
   defining Unicode char U+00EB (decimal 235)
   defining Unicode char U+00EC (decimal 236)
   defining Unicode char U+00ED (decimal 237)
   defining Unicode char U+00EE (decimal 238)
   defining Unicode char U+00EF (decimal 239)
   defining Unicode char U+00F0 (decimal 240)
   defining Unicode char U+00F1 (decimal 241)
   defining Unicode char U+00F2 (decimal 242)
   defining Unicode char U+00F3 (decimal 243)
   defining Unicode char U+00F4 (decimal 244)
   defining Unicode char U+00F5 (decimal 245)
   defining Unicode char U+00F6 (decimal 246)
   defining Unicode char U+00F8 (decimal 248)
   defining Unicode char U+00F9 (decimal 249)
   defining Unicode char U+00FA (decimal 250)
   defining Unicode char U+00FB (decimal 251)
   defining Unicode char U+00FC (decimal 252)
   defining Unicode char U+00FD (decimal 253)
   defining Unicode char U+00FE (decimal 254)
   defining Unicode char U+00FF (decimal 255)
   defining Unicode char U+0131 (decimal 305)
   defining Unicode char U+0141 (decimal 321)
   defining Unicode char U+0142 (decimal 322)
   defining Unicode char U+0152 (decimal 338)
   defining Unicode char U+0153 (decimal 339)
   defining Unicode char U+0160 (decimal 352)
   defining Unicode char U+0161 (decimal 353)
   defining Unicode char U+0174 (decimal 372)
   defining Unicode char U+0175 (decimal 373)
   defining Unicode char U+0176 (decimal 374)
   defining Unicode char U+0177 (decimal 375)
   defining Unicode char U+0178 (decimal 376)
   defining Unicode char U+017D (decimal 381)
   defining Unicode char U+017E (decimal 382)
   defining Unicode char U+0192 (decimal 402)
   defining Unicode char U+0218 (decimal 536)
   defining Unicode char U+0219 (decimal 537)
   defining Unicode char U+021A (decimal 538)
   defining Unicode char U+021B (decimal 539)
   defining Unicode char U+0237 (decimal 567)
   defining Unicode char U+02C6 (decimal 710)
   defining Unicode char U+02DC (decimal 732)
   defining Unicode char U+2013 (decimal 8211)
   defining Unicode char U+2014 (decimal 8212)
   defining Unicode char U+201C (decimal 8220)
   defining Unicode char U+201D (decimal 8221)
   defining Unicode char U+2020 (decimal 8224)
   defining Unicode char U+2021 (decimal 8225)
   defining Unicode char U+2022 (decimal 8226)
   defining Unicode char U+2026 (decimal 8230)
   defining Unicode char U+2030 (decimal 8240)
   defining Unicode char U+2039 (decimal 8249)
   defining Unicode char U+203A (decimal 8250)
   defining Unicode char U+2122 (decimal 8482)
)) (/home/paulo/.TinyTeX/texmf-dist/tex/latex/base/t1enc.def
File: t1enc.def 2018/08/11 v2.0j Standard LaTeX file
LaTeX Font Info:    Redeclaring font encoding T1 on input line 48.
)
LaTeX Font Info:    Try loading font information for T1+ptm on input line 105.
(/home/paulo/.TinyTeX/texmf-dist/tex/latex/psnfss/t1ptm.fd
File: t1ptm.fd 2001/06/04 font definitions for T1/ptm.
)) (/home/paulo/.TinyTeX/texmf-dist/tex/latex/ifetex/ifetex.sty
Package: ifetex 2018/03/31 v1.2a ifetex
(/home/paulo/.TinyTeX/texmf-dist/tex/plain/ifetex/ifetex.tex)) (/home/paulo/.Ti
nyTeX/texmf-dist/tex/latex/mweights/mweights.sty
Package: mweights 2017/03/30 (Bob Tennent) Support package for multiple-weight 
font packages. 
LaTeX Info: Redefining \bfseries on input line 22.
LaTeX Info: Redefining \mdseries on input line 30.
LaTeX Info: Redefining \rmfamily on input line 38.
LaTeX Info: Redefining \sffamily on input line 66.
LaTeX Info: Redefining \ttfamily on input line 94.
) (/home/paulo/.TinyTeX/texmf-dist/tex/latex/fontaxes/fontaxes.sty
Package: fontaxes 2014/03/23 v1.0d Font selection axes
LaTeX Info: Redefining \upshape on input line 29.
LaTeX Info: Redefining \itshape on input line 31.
LaTeX Info: Redefining \slshape on input line 33.
LaTeX Info: Redefining \scshape on input line 37.
)
LaTeX Info: Redefining \textin on input line 31.
(/home/paulo/.TinyTeX/texmf-dist/tex/latex/xkeyval/xkeyval.sty
Package: xkeyval 2014/12/03 v2.7a package option processing (HA)
(/home/paulo/.TinyTeX/texmf-dist/tex/generic/xkeyval/xkeyval.tex (/home/paulo/.
TinyTeX/texmf-dist/tex/generic/xkeyval/xkvutils.tex
\XKV@toks=\toks28
\XKV@tempa@toks=\toks29
)
\XKV@depth=\count131
File: xkeyval.tex 2014/12/03 v2.7a key=value parser (HA)
))) (/home/paulo/.TinyTeX/texmf-dist/tex/latex/fontawesome/fontawesome.sty
Package: fontawesome 2016/05/15 v4.6.3.1 font awesome icons

(/home/paulo/.TinyTeX/texmf-dist/tex/latex/fontawesome/fontawesomesymbols-gener
ic.tex)
(/home/paulo/.TinyTeX/texmf-dist/tex/latex/fontawesome/fontawesomesymbols-pdfte
x.tex)) (/home/paulo/.TinyTeX/texmf-dist/tex/latex/titling/titling.sty
Package: titling 2009/09/04 v2.1d maketitle typesetting
\thanksmarkwidth=\skip75
\thanksmargin=\skip76
\droptitle=\skip77
) (/home/paulo/.TinyTeX/texmf-dist/tex/latex/booktabs/booktabs.sty
Package: booktabs 2016/04/27 v1.618033 publication quality tables
\heavyrulewidth=\dimen147
\lightrulewidth=\dimen148
\cmidrulewidth=\dimen149
\belowrulesep=\dimen150
\belowbottomsep=\dimen151
\aboverulesep=\dimen152
\abovetopsep=\dimen153
\cmidrulesep=\dimen154
\cmidrulekern=\dimen155
\defaultaddspace=\dimen156
\@cmidla=\count132
\@cmidlb=\count133
\@aboverulesep=\dimen157
\@belowrulesep=\dimen158
\@thisruleclass=\count134
\@lastruleclass=\count135
\@thisrulewidth=\dimen159
) (/home/paulo/.TinyTeX/texmf-dist/tex/latex/tools/longtable.sty
Package: longtable 2014/10/28 v4.11 Multi-page Table package (DPC)+ FMi change
\LTleft=\skip78
\LTright=\skip79
\LTpre=\skip80
\LTpost=\skip81
\LTchunksize=\count136
\LTcapwidth=\dimen160
\LT@head=\box34
\LT@firsthead=\box35
\LT@foot=\box36
\LT@lastfoot=\box37
\LT@cols=\count137
\LT@rows=\count138
\c@LT@tables=\count139
\c@LT@chunks=\count140
\LT@p@ftn=\toks30
) (/home/paulo/.TinyTeX/texmf-dist/tex/latex/tools/array.sty
Package: array 2018/12/30 v2.4k Tabular extension package (FMi)
\col@sep=\dimen161
\ar@mcellbox=\box38
\extrarowheight=\dimen162
\NC@list=\toks31
\extratabsurround=\skip82
\backup@length=\skip83
\ar@cellbox=\box39
) (/home/paulo/.TinyTeX/texmf-dist/tex/latex/multirow/multirow.sty
Package: multirow 2019/05/31 v2.5 Span multiple rows of a table
\multirow@colwidth=\skip84
\multirow@cntb=\count141
\multirow@dima=\skip85
\bigstrutjot=\dimen163
) (/home/paulo/.TinyTeX/texmf-dist/tex/latex/wrapfig/wrapfig.sty
\wrapoverhang=\dimen164
\WF@size=\dimen165
\c@WF@wrappedlines=\count142
\WF@box=\box40
\WF@everypar=\toks32
Package: wrapfig 2003/01/31  v 3.6
) (/home/paulo/.TinyTeX/texmf-dist/tex/latex/colortbl/colortbl.sty
Package: colortbl 2018/12/12 v1.0d Color table columns (DPC)
\everycr=\toks33
\minrowclearance=\skip86
) (/home/paulo/.TinyTeX/texmf-dist/tex/latex/tabu/tabu.sty
Package: tabu 2019/01/11 v2.9 - flexible LaTeX tabulars (FC+tabu-fixed)
(/home/paulo/.TinyTeX/texmf-dist/tex/latex/varwidth/varwidth.sty
Package: varwidth 2009/03/30 ver 0.92;  Variable-width minipages
\@vwid@box=\box41
\sift@deathcycles=\count143
\@vwid@loff=\dimen166
\@vwid@roff=\dimen167
)
\c@taburow=\count144
\tabu@nbcols=\count145
\tabu@cnt=\count146
\tabu@Xcol=\count147
\tabu@alloc=\count148
\tabu@nested=\count149
\tabu@target=\dimen168
\tabu@spreadtarget=\dimen169
\tabu@naturalX=\dimen170
\tabucolX=\dimen171
\tabu@Xsum=\dimen172
\extrarowdepth=\dimen173
\abovetabulinesep=\dimen174
\belowtabulinesep=\dimen175
\tabustrutrule=\dimen176
\tabu@thebody=\toks34
\tabu@footnotes=\toks35
\tabu@box=\box42
\tabu@arstrutbox=\box43
\tabu@hleads=\box44
\tabu@vleads=\box45
\tabu@cellskip=\skip87
) (/home/paulo/.TinyTeX/texmf-dist/tex/latex/threeparttable/threeparttable.sty
Package: threeparttable 2003/06/13  v 3.0
\@tempboxb=\box46
) (/home/paulo/.TinyTeX/texmf-dist/tex/latex/threeparttablex/threeparttablex.st
y
Package: threeparttablex 2013/07/23 v0.3 by daleif
(/home/paulo/.TinyTeX/texmf-dist/tex/latex/environ/environ.sty
Package: environ 2014/05/04 v0.3 A new way to define environments
(/home/paulo/.TinyTeX/texmf-dist/tex/latex/trimspaces/trimspaces.sty
Package: trimspaces 2009/09/17 v1.1 Trim spaces around a token list
))
\TPTL@width=\skip88
) (/home/paulo/.TinyTeX/texmf-dist/tex/generic/ulem/ulem.sty
\UL@box=\box47
\UL@hyphenbox=\box48
\UL@skip=\skip89
\UL@hook=\toks36
\UL@height=\dimen177
\UL@pe=\count150
\UL@pixel=\dimen178
\ULC@box=\box49
Package: ulem 2012/05/18
\ULdepth=\dimen179
) (/home/paulo/.TinyTeX/texmf-dist/tex/latex/makecell/makecell.sty
Package: makecell 2009/08/03 V0.1e Managing of Tab Column Heads and Cells
\rotheadsize=\dimen180
\c@nlinenum=\count151
\TeXr@lab=\toks37
) (/home/paulo/.TinyTeX/texmf-dist/tex/latex/natbib/natbib.sty
Package: natbib 2010/09/13 8.31b (PWD, AO)
\bibhang=\skip90
\bibsep=\skip91
LaTeX Info: Redefining \cite on input line 694.
\c@NAT@ctr=\count152
)
LaTeX Font Info:    Try loading font information for T1+fbb-TLF on input line 2
68.
(/home/paulo/.TinyTeX/texmf-dist/tex/latex/fbb/T1fbb-TLF.fd
File: T1fbb-TLF.fd 2015/08/23 (autoinst) Font definitions for T1/fbb-TLF.
)
LaTeX Font Info:    Font shape `T1/fbb-TLF/m/n' will be
(Font)              scaled to size 10.0pt on input line 268.
(./minimal.aux)
\openout1 = `minimal.aux'.

LaTeX Font Info:    Checking defaults for OML/cmm/m/it on input line 268.
LaTeX Font Info:    ... okay on input line 268.
LaTeX Font Info:    Checking defaults for T1/cmr/m/n on input line 268.
LaTeX Font Info:    ... okay on input line 268.
LaTeX Font Info:    Checking defaults for OT1/cmr/m/n on input line 268.
LaTeX Font Info:    ... okay on input line 268.
LaTeX Font Info:    Checking defaults for OMS/cmsy/m/n on input line 268.
LaTeX Font Info:    ... okay on input line 268.
LaTeX Font Info:    Checking defaults for OMX/cmex/m/n on input line 268.
LaTeX Font Info:    ... okay on input line 268.
LaTeX Font Info:    Checking defaults for U/cmr/m/n on input line 268.
LaTeX Font Info:    ... okay on input line 268.
LaTeX Font Info:    Checking defaults for TS1/cmr/m/n on input line 268.
LaTeX Font Info:    Try loading font information for TS1+cmr on input line 268.

(/home/paulo/.TinyTeX/texmf-dist/tex/latex/base/ts1cmr.fd
File: ts1cmr.fd 2014/09/29 v2.5h Standard LaTeX font definitions
)
LaTeX Font Info:    ... okay on input line 268.
LaTeX Font Info:    Checking defaults for PD1/pdf/m/n on input line 268.
LaTeX Font Info:    ... okay on input line 268.
LaTeX Font Info:    Checking defaults for PU/pdf/m/n on input line 268.
LaTeX Font Info:    ... okay on input line 268.
LaTeX Font Info:    Checking defaults for LY1/ptm/m/n on input line 268.
LaTeX Font Info:    Try loading font information for LY1+ptm on input line 268.

(/home/paulo/.TinyTeX/texmf-dist/tex/latex/ly1/ly1ptm.fd
File: ly1ptm.fd 2001/02/01 font definitions for LY1/ptm using Berry names.
)
LaTeX Font Info:    ... okay on input line 268.
LaTeX Font Info:    Font shape `T1/fbb-TLF/m/n' will be
(Font)              scaled to size 12.0pt on input line 268.
\AtBeginShipoutBox=\box50
Package hyperref Info: Link coloring ON on input line 268.
(/home/paulo/.TinyTeX/texmf-dist/tex/latex/hyperref/nameref.sty
Package: nameref 2019/09/12 v2.45 Cross-referencing by name of section
(/home/paulo/.TinyTeX/texmf-dist/tex/generic/oberdiek/gettitlestring.sty
Package: gettitlestring 2016/05/16 v1.5 Cleanup title references (HO)
)
\c@section@level=\count153
)
LaTeX Info: Redefining \ref on input line 268.
LaTeX Info: Redefining \pageref on input line 268.
LaTeX Info: Redefining \nameref on input line 268.
(./minimal.out) (./minimal.out)
\@outlinefile=\write4
\openout4 = `minimal.out'.

*geometry* driver: auto-detecting
*geometry* detected driver: pdftex
*geometry* verbose mode - [ preamble ] result:
* driver: pdftex
* paper: <default>
* layout: <same size as paper>
* layoutoffset:(h,v)=(0.0pt,0.0pt)
* modes: twoside 
* h-part:(L,W,R)=(71.13188pt, 472.03123pt, 71.13188pt)
* v-part:(T,H,B)=(71.13188pt, 652.70622pt, 71.13188pt)
* \paperwidth=614.295pt
* \paperheight=794.96999pt
* \textwidth=472.03123pt
* \textheight=652.70622pt
* \oddsidemargin=-1.1381pt
* \evensidemargin=-1.1381pt
* \topmargin=-38.1381pt
* \headheight=12.0pt
* \headsep=25.0pt
* \topskip=12.0pt
* \footskip=30.0pt
* \marginparwidth=95.0pt
* \marginparsep=10.0pt
* \columnsep=10.0pt
* \skip\footins=10.8pt plus 4.0pt minus 2.0pt
* \hoffset=0.0pt
* \voffset=0.0pt
* \mag=1000
* \@twocolumnfalse
* \@twosidetrue
* \@mparswitchtrue
* \@reversemarginfalse
* (1in=72.27pt=25.4mm, 1cm=28.453pt)

(/home/paulo/.TinyTeX/texmf-dist/tex/latex/oberdiek/epstopdf-base.sty
Package: epstopdf-base 2016/05/15 v2.6 Base part for package epstopdf
(/home/paulo/.TinyTeX/texmf-dist/tex/latex/oberdiek/grfext.sty
Package: grfext 2016/05/16 v1.2 Manage graphics extensions (HO)
)
Package epstopdf-base Info: Redefining graphics rule for `.eps' on input line 4
38.
Package grfext Info: Graphics extension search list:
(grfext)             [.pdf,.png,.jpg,.mps,.jpeg,.jbig2,.jb2,.PDF,.PNG,.JPG,.JPE
G,.JBIG2,.JB2,.eps]
(grfext)             \AppendGraphicsExtensions on input line 456.
(/home/paulo/.TinyTeX/texmf-dist/tex/latex/latexconfig/epstopdf-sys.cfg
File: epstopdf-sys.cfg 2010/07/13 v1.3 Configuration of (r)epstopdf for TeX Liv
e
))
Package caption Info: Begin \AtBeginDocument code.
Package caption Info: longtable package is loaded.
(/home/paulo/.TinyTeX/texmf-dist/tex/latex/caption/ltcaption.sty
Package: ltcaption 2018/08/26 v1.4a longtable captions (AR)
)
Package caption Info: threeparttable package is loaded.
Package caption Info: wrapfig package is loaded.
Package caption Info: End \AtBeginDocument code.
(/home/paulo/.TinyTeX/texmf-dist/tex/latex/floatrow/fr-longtable.sty
Package: fr-longtable 2007/11/28 v0.1b (beta) floatrow: additions for longtable

\flrow@LT@lasthead=\box51
\flrow@LT@prelastfoot=\box52
\c@FBLTpage=\count154
)
\c@mv@tabular=\count155
\c@mv@boldtabular=\count156
LaTeX Font Info:    Font shape `T1/fbb-TLF/m/n' will be
(Font)              scaled to size 24.88pt on input line 270.
LaTeX Font Info:    Font shape `T1/fbb-TLF/m/n' will be
(Font)              scaled to size 14.4pt on input line 270.
LaTeX Font Info:    Font shape `T1/fbb-TLF/m/it' will be
(Font)              scaled to size 14.4pt on input line 270.
LaTeX Font Info:    Try loading font information for U+fontawesometwo on input 
line 270.
(/home/paulo/.TinyTeX/texmf-dist/tex/latex/fontawesome/ufontawesometwo.fd
File: ufontawesometwo.fd 2016/05/22 Font definitions for U/fontawesometwo.
)
LaTeX Font Info:    Font shape `T1/fbb-TLF/m/n' will be
(Font)              scaled to size 10.95pt on input line 272.
LaTeX Font Info:    Font shape `T1/fbb-TLF/b/n' will be
(Font)              scaled to size 10.95pt on input line 272.
LaTeX Font Info:    Font shape `T1/fbb-TLF/b/n' will be
(Font)              scaled to size 14.4pt on input line 280.
LaTeX Font Info:    Font shape `T1/fbb-TLF/m/it' will be
(Font)              scaled to size 12.0pt on input line 284.
LaTeX Font Info:    Try loading font information for OT1+lmr on input line 302.

(/home/paulo/.TinyTeX/texmf-dist/tex/latex/lm/ot1lmr.fd
File: ot1lmr.fd 2009/10/30 v1.6 Font defs for Latin Modern
)
LaTeX Font Info:    Try loading font information for OML+lmm on input line 302.

(/home/paulo/.TinyTeX/texmf-dist/tex/latex/lm/omllmm.fd
File: omllmm.fd 2009/10/30 v1.6 Font defs for Latin Modern
)
LaTeX Font Info:    Try loading font information for OMS+lmsy on input line 302
.
(/home/paulo/.TinyTeX/texmf-dist/tex/latex/lm/omslmsy.fd
File: omslmsy.fd 2009/10/30 v1.6 Font defs for Latin Modern
)
LaTeX Font Info:    Try loading font information for OMX+lmex on input line 302
.
(/home/paulo/.TinyTeX/texmf-dist/tex/latex/lm/omxlmex.fd
File: omxlmex.fd 2009/10/30 v1.6 Font defs for Latin Modern
)
LaTeX Font Info:    External font `lmex10' loaded for size
(Font)              <12> on input line 302.
LaTeX Font Info:    External font `lmex10' loaded for size
(Font)              <8> on input line 302.
LaTeX Font Info:    External font `lmex10' loaded for size
(Font)              <6> on input line 302.
LaTeX Font Info:    Try loading font information for U+msa on input line 302.
(/home/paulo/.TinyTeX/texmf-dist/tex/latex/amsfonts/umsa.fd
File: umsa.fd 2013/01/14 v3.01 AMS symbols A
)
LaTeX Font Info:    Try loading font information for U+msb on input line 302.
(/home/paulo/.TinyTeX/texmf-dist/tex/latex/amsfonts/umsb.fd
File: umsb.fd 2013/01/14 v3.01 AMS symbols B
)
LaTeX Font Info:    Font shape `T1/fbb-TLF/m/n' will be
(Font)              scaled to size 8.0pt on input line 302.
LaTeX Font Info:    External font `lmex10' loaded for size
(Font)              <10> on input line 302.
LaTeX Font Info:    External font `lmex10' loaded for size
(Font)              <7> on input line 302.
LaTeX Font Info:    External font `lmex10' loaded for size
(Font)              <5> on input line 302.
LaTeX Font Info:    Font shape `T1/fbb-TLF/m/n' will be
(Font)              scaled to size 7.0pt on input line 302.
[1

{/home/paulo/.TinyTeX/texmf-var/fonts/map/pdftex/updmap/pdftex.map}]
LaTeX Font Info:    Try loading font information for T1+lmtt on input line 317.

(/home/paulo/.TinyTeX/texmf-dist/tex/latex/lm/t1lmtt.fd
File: t1lmtt.fd 2009/10/30 v1.6 Font defs for Latin Modern
)
<structure_var_eq.png, id=125, 690.1785pt x 272.81924pt>
File: structure_var_eq.png Graphic file (type png)
<use structure_var_eq.png>
Package pdftex.def Info: structure_var_eq.png  used on input line 339.
(pdftex.def)             Requested size: 414.11029pt x 163.6928pt.
LaTeX Font Info:    Try loading font information for T1+lmss on input line 365.

(/home/paulo/.TinyTeX/texmf-dist/tex/latex/lm/t1lmss.fd
File: t1lmss.fd 2009/10/30 v1.6 Font defs for Latin Modern
)

Package Fancyhdr Warning: \headheight is too small (12.0pt): 
Make it at least 14.49998pt.
We now make it that large for the rest of the document.
This may cause the page layout to be inconsistent, however.

[2 <./structure_var_eq.png>]
LaTeX Font Info:    Try loading font information for TS1+fbb-TLF on input line 
365.
(/home/paulo/.TinyTeX/texmf-dist/tex/latex/fbb/TS1fbb-TLF.fd
File: TS1fbb-TLF.fd 2015/08/23 (autoinst) Font definitions for TS1/fbb-TLF.
)
LaTeX Font Info:    Font shape `TS1/fbb-TLF/m/n' will be
(Font)              scaled to size 12.0pt on input line 365.
LaTeX Font Info:    Font shape `T1/fbb-TLF/b/n' will be
(Font)              scaled to size 12.0pt on input line 393.
[3]
LaTeX Font Info:    Font shape `T1/fbb-TLF/m/it' will be
(Font)              scaled to size 10.0pt on input line 440.
[4]

Package xcolor Warning: Incompatible color definition on input line 493.

LaTeX Font Info:    Font shape `T1/lmtt/bx/n' in size <10> not available
(Font)              Font shape `T1/lmtt/b/n' tried instead on input line 495.

Package xcolor Warning: Incompatible color definition on input line 500.


Package xcolor Warning: Incompatible color definition on input line 500.


Package xcolor Warning: Incompatible color definition on input line 504.


Package xcolor Warning: Incompatible color definition on input line 538.


Package xcolor Warning: Incompatible color definition on input line 538.


Package xcolor Warning: Incompatible color definition on input line 542.

[5]

Package xcolor Warning: Incompatible color definition on input line 569.


Package xcolor Warning: Incompatible color definition on input line 569.


Package xcolor Warning: Incompatible color definition on input line 578.


Package xcolor Warning: Incompatible color definition on input line 593.


Package xcolor Warning: Incompatible color definition on input line 593.


Package xcolor Warning: Incompatible color definition on input line 601.

[6]

Package xcolor Warning: Incompatible color definition on input line 614.


Package xcolor Warning: Incompatible color definition on input line 614.


Package xcolor Warning: Incompatible color definition on input line 621.


Package xcolor Warning: Incompatible color definition on input line 630.


Package xcolor Warning: Incompatible color definition on input line 630.


Package xcolor Warning: Incompatible color definition on input line 641.


Package xcolor Warning: Incompatible color definition on input line 647.


Package xcolor Warning: Incompatible color definition on input line 647.


Package xcolor Warning: Incompatible color definition on input line 654.


Package xcolor Warning: Incompatible color definition on input line 659.


Package xcolor Warning: Incompatible color definition on input line 659.

[7]

Package xcolor Warning: Incompatible color definition on input line 695.


Package xcolor Warning: Incompatible color definition on input line 699.


Package xcolor Warning: Incompatible color definition on input line 699.


Package xcolor Warning: Incompatible color definition on input line 711.


Package xcolor Warning: Incompatible color definition on input line 715.


Package xcolor Warning: Incompatible color definition on input line 715.


Package xcolor Warning: Incompatible color definition on input line 722.


Package xcolor Warning: Incompatible color definition on input line 727.


Package xcolor Warning: Incompatible color definition on input line 727.


Package xcolor Warning: Incompatible color definition on input line 743.

[8]

Package xcolor Warning: Incompatible color definition on input line 747.


Package xcolor Warning: Incompatible color definition on input line 747.

<minimal_database.png, id=196, 501.072pt x 448.67625pt>
File: minimal_database.png Graphic file (type png)
<use minimal_database.png>
Package pdftex.def Info: minimal_database.png  used on input line 804.
(pdftex.def)             Requested size: 401.10281pt x 359.16057pt.

LaTeX Warning: `h' float specifier changed to `ht'.

[9]
<minimal_database_australia.png, id=215, 797.379pt x 401.70074pt>
File: minimal_database_australia.png Graphic file (type png)
<use minimal_database_australia.png>
Package pdftex.def Info: minimal_database_australia.png  used on input line 844
.
(pdftex.def)             Requested size: 638.13525pt x 321.47748pt.

LaTeX Warning: Float too large for page by 9.92902pt on input line 849.

[10 <./minimal_database.PNG>]

Package xcolor Warning: Incompatible color definition on input line 862.


Package xcolor Warning: Incompatible color definition on input line 868.


Package xcolor Warning: Incompatible color definition on input line 868.


Package xcolor Warning: Incompatible color definition on input line 877.

LaTeX Font Info:    Try loading font information for TS1+lmtt on input line 879
.
(/home/paulo/.TinyTeX/texmf-dist/tex/latex/lm/ts1lmtt.fd
File: ts1lmtt.fd 2009/10/30 v1.6 Font defs for Latin Modern
)

Package xcolor Warning: Incompatible color definition on input line 883.


Package xcolor Warning: Incompatible color definition on input line 883.


Overfull \hbox (31.9673pt too wide) in paragraph at lines 893--893
[]\T1/lmtt/m/n/10 ## [6] "!Header: P028, dimensions: IND [7], description: Prim
ary factor substitution elasticity"[] 
 []


LaTeX Warning: `!h' float specifier changed to `!ht'.


Package xcolor Warning: Incompatible color definition on input line 928.


Package xcolor Warning: Incompatible color definition on input line 986.


Package xcolor Warning: Incompatible color definition on input line 986.

[11] [12 <./minimal_database_australia.PNG>]

Package xcolor Warning: Incompatible color definition on input line 986.


Package xcolor Warning: Incompatible color definition on input line 986.


Underfull \vbox (badness 10000) detected at line 986
 []


Underfull \vbox (badness 10000) detected at line 986
 []


Package xcolor Warning: Incompatible color definition on input line 986.

[13]

Package xcolor Warning: Incompatible color definition on input line 986.


Package xcolor Warning: Incompatible color definition on input line 986.

LaTeX Font Info:    Font shape `T1/fbb-TLF/b/it' will be
(Font)              scaled to size 12.0pt on input line 990.

Package xcolor Warning: Incompatible color definition on input line 1024.


Package xcolor Warning: Incompatible color definition on input line 1056.


Package xcolor Warning: Incompatible color definition on input line 1056.


Package xcolor Warning: Incompatible color definition on input line 1056.

[14]

Package xcolor Warning: Incompatible color definition on input line 1056.


Package xcolor Warning: Incompatible color definition on input line 1056.

LaTeX Font Info:    Font shape `T1/fbb-TLF/m/n' will be
(Font)              scaled to size 6.0pt on input line 1061.
[15]

Package xcolor Warning: Incompatible color definition on input line 1100.


Package xcolor Warning: Incompatible color definition on input line 1104.


Package xcolor Warning: Incompatible color definition on input line 1104.


Package xcolor Warning: Incompatible color definition on input line 1122.


Package xcolor Warning: Incompatible color definition on input line 1128.


Package xcolor Warning: Incompatible color definition on input line 1128.


Package xcolor Warning: Incompatible color definition on input line 1132.


Package xcolor Warning: Incompatible color definition on input line 1177.


Package xcolor Warning: Incompatible color definition on input line 1177.


Package xcolor Warning: Incompatible color definition on input line 1177.

[16]

Package xcolor Warning: Incompatible color definition on input line 1177.


Package xcolor Warning: Incompatible color definition on input line 1177.


Package xcolor Warning: Incompatible color definition on input line 1192.


Package xcolor Warning: Incompatible color definition on input line 1208.


Package xcolor Warning: Incompatible color definition on input line 1208.


Package xcolor Warning: Incompatible color definition on input line 1213.


Package xcolor Warning: Incompatible color definition on input line 1234.


Package xcolor Warning: Incompatible color definition on input line 1234.


Package xcolor Warning: Incompatible color definition on input line 1234.

[17]

Package xcolor Warning: Incompatible color definition on input line 1234.


Package xcolor Warning: Incompatible color definition on input line 1234.


Package xcolor Warning: Incompatible color definition on input line 1246.


Package xcolor Warning: Incompatible color definition on input line 1255.


Package xcolor Warning: Incompatible color definition on input line 1255.

[18]

pdfTeX warning: pdflatex (file ./producao.pdf): PDF inclusion: found PDF versio
n <1.7>, but at most version <1.5> allowed
<producao.pdf, id=278, 963.6pt x 542.025pt>
File: producao.pdf Graphic file (type pdf)
<use producao.pdf>
Package pdftex.def Info: producao.pdf  used on input line 1297.
(pdftex.def)             Requested size: 472.0211pt x 265.51186pt.
[19 <./producao.pdf>]

Package xcolor Warning: Incompatible color definition on input line 1329.


Package xcolor Warning: Incompatible color definition on input line 1343.


Package xcolor Warning: Incompatible color definition on input line 1343.


Package xcolor Warning: Incompatible color definition on input line 1366.


Package xcolor Warning: Incompatible color definition on input line 1383.


Package xcolor Warning: Incompatible color definition on input line 1383.


Package xcolor Warning: Incompatible color definition on input line 1383.

[20]

Package xcolor Warning: Incompatible color definition on input line 1383.


Package xcolor Warning: Incompatible color definition on input line 1383.


Package xcolor Warning: Incompatible color definition on input line 1389.


Package xcolor Warning: Incompatible color definition on input line 1398.


Package xcolor Warning: Incompatible color definition on input line 1398.


Package xcolor Warning: Incompatible color definition on input line 1400.


Package xcolor Warning: Incompatible color definition on input line 1409.


Package xcolor Warning: Incompatible color definition on input line 1409.

[21]

Package xcolor Warning: Incompatible color definition on input line 1464.


Package xcolor Warning: Incompatible color definition on input line 1480.


Package xcolor Warning: Incompatible color definition on input line 1480.


Package xcolor Warning: Incompatible color definition on input line 1486.

[22]

Package xcolor Warning: Incompatible color definition on input line 1494.


Package xcolor Warning: Incompatible color definition on input line 1494.


Package xcolor Warning: Incompatible color definition on input line 1504.


Package xcolor Warning: Incompatible color definition on input line 1520.


Package xcolor Warning: Incompatible color definition on input line 1520.


Package xcolor Warning: Incompatible color definition on input line 1524.


Package xcolor Warning: Incompatible color definition on input line 1545.


Package xcolor Warning: Incompatible color definition on input line 1545.

[23]

Package xcolor Warning: Incompatible color definition on input line 1557.


Package xcolor Warning: Incompatible color definition on input line 1571.


Package xcolor Warning: Incompatible color definition on input line 1571.


Package xcolor Warning: Incompatible color definition on input line 1575.


Package xcolor Warning: Incompatible color definition on input line 1591.


Package xcolor Warning: Incompatible color definition on input line 1591.

[24]

Package xcolor Warning: Incompatible color definition on input line 1617.


Package xcolor Warning: Incompatible color definition on input line 1633.


Package xcolor Warning: Incompatible color definition on input line 1633.


Underfull \hbox (badness 1590) in paragraph at lines 1643--1647
\T1/fbb-TLF/m/n/12 Para as ex-por-ta-es,  as-su-mida uma fun-o de elas-ti-
ci-dade cons-tante com pa-r-me-tro
 []


Package xcolor Warning: Incompatible color definition on input line 1652.


Package xcolor Warning: Incompatible color definition on input line 1673.


Package xcolor Warning: Incompatible color definition on input line 1673.


Package xcolor Warning: Incompatible color definition on input line 1673.

[25]

Package xcolor Warning: Incompatible color definition on input line 1673.


Package xcolor Warning: Incompatible color definition on input line 1673.


Package xcolor Warning: Incompatible color definition on input line 1713.


Package xcolor Warning: Incompatible color definition on input line 1732.


Package xcolor Warning: Incompatible color definition on input line 1732.

[26]

Package xcolor Warning: Incompatible color definition on input line 1732.


Package xcolor Warning: Incompatible color definition on input line 1732.


Package xcolor Warning: Incompatible color definition on input line 1734.


Package xcolor Warning: Incompatible color definition on input line 1742.


Package xcolor Warning: Incompatible color definition on input line 1742.


Package xcolor Warning: Incompatible color definition on input line 1746.


Package xcolor Warning: Incompatible color definition on input line 1762.


Package xcolor Warning: Incompatible color definition on input line 1762.


Package xcolor Warning: Incompatible color definition on input line 1764.


Package xcolor Warning: Incompatible color definition on input line 1781.


Package xcolor Warning: Incompatible color definition on input line 1781.


Package xcolor Warning: Incompatible color definition on input line 1785.

[27]

Package xcolor Warning: Incompatible color definition on input line 1794.


Package xcolor Warning: Incompatible color definition on input line 1794.


Package xcolor Warning: Incompatible color definition on input line 1796.


Package xcolor Warning: Incompatible color definition on input line 1819.


Package xcolor Warning: Incompatible color definition on input line 1819.

[28]

Package xcolor Warning: Incompatible color definition on input line 1848.


Package xcolor Warning: Incompatible color definition on input line 1910.


Package xcolor Warning: Incompatible color definition on input line 1910.


Package xcolor Warning: Incompatible color definition on input line 1910.

[29]

Package xcolor Warning: Incompatible color definition on input line 1910.


Package xcolor Warning: Incompatible color definition on input line 1910.


Package xcolor Warning: Incompatible color definition on input line 1915.


Package xcolor Warning: Incompatible color definition on input line 1931.


Package xcolor Warning: Incompatible color definition on input line 1931.


Package xcolor Warning: Incompatible color definition on input line 1933.


Package xcolor Warning: Incompatible color definition on input line 1950.


Package xcolor Warning: Incompatible color definition on input line 1950.

[30]

Package xcolor Warning: Incompatible color definition on input line 1966.


Package xcolor Warning: Incompatible color definition on input line 1982.


Package xcolor Warning: Incompatible color definition on input line 1982.


Package xcolor Warning: Incompatible color definition on input line 1984.


Package xcolor Warning: Incompatible color definition on input line 2000.


Package xcolor Warning: Incompatible color definition on input line 2000.

[31]

Package xcolor Warning: Incompatible color definition on input line 2026.


Package xcolor Warning: Incompatible color definition on input line 2039.


Package xcolor Warning: Incompatible color definition on input line 2039.


Package xcolor Warning: Incompatible color definition on input line 2041.


Package xcolor Warning: Incompatible color definition on input line 2050.


Package xcolor Warning: Incompatible color definition on input line 2050.


Package xcolor Warning: Incompatible color definition on input line 2052.


Package xcolor Warning: Incompatible color definition on input line 2060.


Package xcolor Warning: Incompatible color definition on input line 2060.


Package xcolor Warning: Incompatible color definition on input line 2072.


Package xcolor Warning: Incompatible color definition on input line 2081.


Package xcolor Warning: Incompatible color definition on input line 2081.


Package xcolor Warning: Incompatible color definition on input line 2083.


Package xcolor Warning: Incompatible color definition on input line 2092.


Package xcolor Warning: Incompatible color definition on input line 2092.


Package xcolor Warning: Incompatible color definition on input line 2094.

[32]

Package xcolor Warning: Incompatible color definition on input line 2103.


Package xcolor Warning: Incompatible color definition on input line 2103.


Package xcolor Warning: Incompatible color definition on input line 2114.


Package xcolor Warning: Incompatible color definition on input line 2120.


Package xcolor Warning: Incompatible color definition on input line 2120.


Overfull \hbox (8.70421pt too wide) detected at line 2131
[][]
 []


Package xcolor Warning: Incompatible color definition on input line 2137.


Package xcolor Warning: Incompatible color definition on input line 2147.


Package xcolor Warning: Incompatible color definition on input line 2147.


Package xcolor Warning: Incompatible color definition on input line 2153.


Package xcolor Warning: Incompatible color definition on input line 2206.


Package xcolor Warning: Incompatible color definition on input line 2206.


Package xcolor Warning: Incompatible color definition on input line 2206.

[33]

Package xcolor Warning: Incompatible color definition on input line 2206.


Package xcolor Warning: Incompatible color definition on input line 2206.


Underfull \vbox (badness 10000) has occurred while \output is active []

[34]

Package xcolor Warning: Incompatible color definition on input line 2221.


Package xcolor Warning: Incompatible color definition on input line 2238.


Package xcolor Warning: Incompatible color definition on input line 2238.


Package xcolor Warning: Incompatible color definition on input line 2240.


Package xcolor Warning: Incompatible color definition on input line 2263.


Package xcolor Warning: Incompatible color definition on input line 2263.


Overfull \hbox (36.18224pt too wide) detected at line 2274
[][] \OT1/lmr/m/n/12 = []
 []


Overfull \hbox (18.62671pt too wide) detected at line 2280
[][] \OT1/lmr/m/n/12 = []
 []

[35]

Package xcolor Warning: Incompatible color definition on input line 2286.


Package xcolor Warning: Incompatible color definition on input line 2330.


Package xcolor Warning: Incompatible color definition on input line 2330.

[36]

Package xcolor Warning: Incompatible color definition on input line 2337.


Package xcolor Warning: Incompatible color definition on input line 2352.


Package xcolor Warning: Incompatible color definition on input line 2352.


Package xcolor Warning: Incompatible color definition on input line 2359.


Package xcolor Warning: Incompatible color definition on input line 2401.


Package xcolor Warning: Incompatible color definition on input line 2401.


Package xcolor Warning: Incompatible color definition on input line 2401.

[37]

Package xcolor Warning: Incompatible color definition on input line 2401.


Package xcolor Warning: Incompatible color definition on input line 2401.


Package xcolor Warning: Incompatible color definition on input line 2408.


Package xcolor Warning: Incompatible color definition on input line 2450.


Package xcolor Warning: Incompatible color definition on input line 2450.


Package xcolor Warning: Incompatible color definition on input line 2450.

[38]

Package xcolor Warning: Incompatible color definition on input line 2450.


Package xcolor Warning: Incompatible color definition on input line 2450.


Package xcolor Warning: Incompatible color definition on input line 2456.


Package xcolor Warning: Incompatible color definition on input line 2472.


Package xcolor Warning: Incompatible color definition on input line 2472.


Package xcolor Warning: Incompatible color definition on input line 2474.


Package xcolor Warning: Incompatible color definition on input line 2515.


Package xcolor Warning: Incompatible color definition on input line 2515.


Package xcolor Warning: Incompatible color definition on input line 2515.

[39]

Package xcolor Warning: Incompatible color definition on input line 2515.


Package xcolor Warning: Incompatible color definition on input line 2515.


Package xcolor Warning: Incompatible color definition on input line 2522.


Package xcolor Warning: Incompatible color definition on input line 2537.


Package xcolor Warning: Incompatible color definition on input line 2537.


Package xcolor Warning: Incompatible color definition on input line 2541.


Package xcolor Warning: Incompatible color definition on input line 2558.


Package xcolor Warning: Incompatible color definition on input line 2558.

[40]

Package xcolor Warning: Incompatible color definition on input line 2583.


Package xcolor Warning: Incompatible color definition on input line 2593.


Package xcolor Warning: Incompatible color definition on input line 2593.


Package xcolor Warning: Incompatible color definition on input line 2609.


Package xcolor Warning: Incompatible color definition on input line 2621.


Package xcolor Warning: Incompatible color definition on input line 2621.


Package xcolor Warning: Incompatible color definition on input line 2631.

[41]

Package xcolor Warning: Incompatible color definition on input line 2641.


Package xcolor Warning: Incompatible color definition on input line 2641.


Package xcolor Warning: Incompatible color definition on input line 2656.


Package xcolor Warning: Incompatible color definition on input line 2664.


Package xcolor Warning: Incompatible color definition on input line 2664.


Package xcolor Warning: Incompatible color definition on input line 2681.


Package xcolor Warning: Incompatible color definition on input line 2687.


Package xcolor Warning: Incompatible color definition on input line 2687.


Package xcolor Warning: Incompatible color definition on input line 2694.

[42]

Package xcolor Warning: Incompatible color definition on input line 2700.


Package xcolor Warning: Incompatible color definition on input line 2700.


Package xcolor Warning: Incompatible color definition on input line 2711.


Package xcolor Warning: Incompatible color definition on input line 2738.


Package xcolor Warning: Incompatible color definition on input line 2738.


LaTeX Warning: `!h' float specifier changed to `!ht'.


Package xcolor Warning: Incompatible color definition on input line 2776.

[43]

Package xcolor Warning: Incompatible color definition on input line 2818.


Package xcolor Warning: Incompatible color definition on input line 2818.


Underfull \vbox (badness 10000) detected at line 2818
 []


Underfull \vbox (badness 10000) detected at line 2818
 []


Package xcolor Warning: Incompatible color definition on input line 2818.

[44]

Package xcolor Warning: Incompatible color definition on input line 2818.


Package xcolor Warning: Incompatible color definition on input line 2818.

<minimal_files/figure-latex/unnamed-chunk-74-1.pdf, id=433, 469.755pt x 216.81p
t>
File: minimal_files/figure-latex/unnamed-chunk-74-1.pdf Graphic file (type pdf)

<use minimal_files/figure-latex/unnamed-chunk-74-1.pdf>
Package pdftex.def Info: minimal_files/figure-latex/unnamed-chunk-74-1.pdf  use
d on input line 2822.
(pdftex.def)             Requested size: 469.75386pt x 216.80946pt.

Package xcolor Warning: Incompatible color definition on input line 2839.


Package xcolor Warning: Incompatible color definition on input line 2849.


Package xcolor Warning: Incompatible color definition on input line 2849.


Package xcolor Warning: Incompatible color definition on input line 2853.

[45 <./minimal_files/figure-latex/unnamed-chunk-74-1.pdf>]

Package xcolor Warning: Incompatible color definition on input line 2857.


Package xcolor Warning: Incompatible color definition on input line 2857.


Package xcolor Warning: Incompatible color definition on input line 2861.


Package xcolor Warning: Incompatible color definition on input line 2867.


Package xcolor Warning: Incompatible color definition on input line 2867.

[46] (./minimal.bbl)
Package atveryend Info: Empty hook `BeforeClearDocument' on input line 2917.
[47]
Package atveryend Info: Empty hook `AfterLastShipout' on input line 2917.
(./minimal.aux)
Package atveryend Info: Executing hook `AtVeryEndDocument' on input line 2917.
Package atveryend Info: Executing hook `AtEndAfterFileList' on input line 2917.

Package rerunfilecheck Info: File `minimal.out' has not changed.
(rerunfilecheck)             Checksum: 2B869E0CAEA84C5AD772A974E78EF3EB;4435.
Package atveryend Info: Empty hook `AtVeryVeryEnd' on input line 2917.
 ) 
Here is how much of TeX's memory you used:
 18408 strings out of 494533
 263399 string characters out of 6176385
 377541 words of memory out of 5000000
 21599 multiletter control sequences out of 15000+600000
 111725 words of font info for 87 fonts, out of 8000000 for 9000
 16 hyphenation exceptions out of 8191
 37i,13n,79p,901b,547s stack positions out of 5000i,500n,10000p,200000b,80000s
{/home/paulo/.TinyTeX/texmf-dist/fonts/enc/dvips/lm/lm-mathsy.enc}{/home/paul
o/.TinyTeX/texmf-dist/fonts/enc/dvips/lm/lm-mathit.enc}{/home/paulo/.TinyTeX/te
xmf-dist/fonts/enc/dvips/lm/lm-rm.enc}{/home/paulo/.TinyTeX/texmf-dist/fonts/en
c/dvips/lm/lm-mathex.enc}{/home/paulo/.TinyTeX/texmf-dist/fonts/enc/dvips/fbb/f
bb_ukqj6n.enc}{/home/paulo/.TinyTeX/texmf-dist/fonts/enc/dvips/lm/lm-ts1.enc}{/
home/paulo/.TinyTeX/texmf-dist/fonts/enc/dvips/lm/lm-ec.enc}{/home/paulo/.TinyT
eX/texmf-dist/fonts/enc/dvips/fbb/fbb_yjjj42.enc}{/home/paulo/.TinyTeX/texmf-di
st/fonts/enc/dvips/fbb/fbb_pv6xl7.enc}{/home/paulo/.TinyTeX/texmf-dist/fonts/en
c/dvips/fontawesome/fontawesometwo.enc}{/home/paulo/.TinyTeX/texmf-dist/fonts/e
nc/dvips/fbb/fbb_abxuuz.enc}</home/paulo/.TinyTeX/texmf-dist/fonts/type1/public
/fontawesome/FontAwesome.pfb></home/paulo/.TinyTeX/texmf-dist/fonts/type1/publi
c/fbb/fbb-Bold.pfb></home/paulo/.TinyTeX/texmf-dist/fonts/type1/public/fbb/fbb-
BoldItalic.pfb></home/paulo/.TinyTeX/texmf-dist/fonts/type1/public/fbb/fbb-Ital
ic.pfb></home/paulo/.TinyTeX/texmf-dist/fonts/type1/public/fbb/fbb-Regular.pfb>
</home/paulo/.TinyTeX/texmf-dist/fonts/type1/public/lm/lmex10.pfb></home/paulo/
.TinyTeX/texmf-dist/fonts/type1/public/lm/lmmi10.pfb></home/paulo/.TinyTeX/texm
f-dist/fonts/type1/public/lm/lmmi12.pfb></home/paulo/.TinyTeX/texmf-dist/fonts/
type1/public/lm/lmmi6.pfb></home/paulo/.TinyTeX/texmf-dist/fonts/type1/public/l
m/lmmi7.pfb></home/paulo/.TinyTeX/texmf-dist/fonts/type1/public/lm/lmmi8.pfb></
home/paulo/.TinyTeX/texmf-dist/fonts/type1/public/lm/lmr10.pfb></home/paulo/.Ti
nyTeX/texmf-dist/fonts/type1/public/lm/lmr12.pfb></home/paulo/.TinyTeX/texmf-di
st/fonts/type1/public/lm/lmr6.pfb></home/paulo/.TinyTeX/texmf-dist/fonts/type1/
public/lm/lmr7.pfb></home/paulo/.TinyTeX/texmf-dist/fonts/type1/public/lm/lmr8.
pfb></home/paulo/.TinyTeX/texmf-dist/fonts/type1/public/lm/lmss10.pfb></home/pa
ulo/.TinyTeX/texmf-dist/fonts/type1/public/lm/lmsy10.pfb></home/paulo/.TinyTeX/
texmf-dist/fonts/type1/public/lm/lmsy6.pfb></home/paulo/.TinyTeX/texmf-dist/fon
ts/type1/public/lm/lmsy7.pfb></home/paulo/.TinyTeX/texmf-dist/fonts/type1/publi
c/lm/lmsy8.pfb></home/paulo/.TinyTeX/texmf-dist/fonts/type1/public/lm/lmtk10.pf
b></home/paulo/.TinyTeX/texmf-dist/fonts/type1/public/lm/lmtt10.pfb></home/paul
o/.TinyTeX/texmf-dist/fonts/type1/public/lm/lmtt12.pfb></home/paulo/.TinyTeX/te
xmf-dist/fonts/type1/public/lm/lmtti10.pfb>
Output written on minimal.pdf (47 pages, 734089 bytes).
PDF statistics:
 584 PDF objects out of 1000 (max. 8388607)
 491 compressed objects within 5 object streams
 129 named destinations out of 1000 (max. 500000)
 210 words of extra memory for PDF output out of 10000 (max. 10000000)

